2026-01-15 14:46:23,615 MainThread INFO Starting middleware comp_1 ...
2026-01-15 14:46:23,616 MainThread INFO MainThread start.
2026-01-15 14:46:23,819 InputThread INFO InputThread start.
2026-01-15 14:46:23,820 OutputThread INFO OutputThread start.
2026-01-15 14:46:23,821 InputThread INFO [input] connect: tcp://127.0.0.1:5550
2026-01-15 14:46:23,822 CmdThread INFO CmdThread connect operator at tcp://127.0.0.1:6000 (id=comp_1)
2026-01-15 14:46:23,822 MainThread INFO All threads started.
2026-01-15 14:46:23,822 OutputThread INFO [output] bind: tcp://127.0.0.1:5556
2026-01-15 14:46:27,600 MainThread INFO Registered downstream: Down0
2026-01-15 14:46:27,600 MainThread INFO Registered downstream: Down1
2026-01-15 14:46:27,601 MainThread INFO Registered downstream: Down2
2026-01-15 14:46:27,601 MainThread INFO Registered downstream: Down3
2026-01-15 14:46:27,601 MainThread INFO Registered downstream: Down4
2026-01-15 14:46:27,601 MainThread INFO Registered downstream: Down6
2026-01-15 14:46:27,602 MainThread INFO Registered downstream: Down5
2026-01-15 14:46:27,602 MainThread INFO Registered downstream: Down7
2026-01-15 14:46:39,295 MainThread INFO Ctrl+C. closing...
2026-01-15 14:46:39,375 MainThread INFO MainThread stopped.
2026-01-15 14:46:39,375 OutputThread INFO OutputThread stopped.
2026-01-15 14:46:39,375 InputThread INFO InputThread stopped.
2026-01-15 14:46:39,376 CmdThread INFO CmdThread stopped.
2026-01-15 14:46:39,451 MainThread INFO Middleware stopped.
