2026-01-15 14:44:08,004 MainThread INFO Starting middleware comp_1 ...
2026-01-15 14:44:08,005 MainThread INFO MainThread start.
2026-01-15 14:44:08,206 InputThread INFO InputThread start.
2026-01-15 14:44:08,206 OutputThread INFO OutputThread start.
2026-01-15 14:44:08,207 CmdThread INFO CmdThread connect operator at tcp://127.0.0.1:6000 (id=comp_1)
2026-01-15 14:44:08,207 InputThread INFO [input] connect: tcp://127.0.0.1:5550
2026-01-15 14:44:08,207 MainThread INFO All threads started.
2026-01-15 14:44:08,208 OutputThread INFO [output] bind: tcp://127.0.0.1:5556
2026-01-15 14:44:10,409 MainThread INFO Registered downstream: Down1
2026-01-15 14:44:10,409 MainThread INFO Registered downstream: Down0
2026-01-15 14:44:10,410 MainThread INFO Registered downstream: Down2
2026-01-15 14:44:10,410 MainThread INFO Registered downstream: Down3
2026-01-15 14:44:10,410 MainThread INFO Registered downstream: Down4
2026-01-15 14:44:10,410 MainThread INFO Registered downstream: Down5
2026-01-15 14:44:10,411 MainThread INFO Registered downstream: Down6
2026-01-15 14:44:10,411 MainThread INFO Registered downstream: Down7
2026-01-15 14:44:19,667 MainThread INFO Ctrl+C. closing...
2026-01-15 14:44:19,764 CmdThread INFO CmdThread stopped.
2026-01-15 14:44:19,764 MainThread INFO MainThread stopped.
2026-01-15 14:44:19,764 InputThread INFO InputThread stopped.
2026-01-15 14:44:19,764 OutputThread INFO OutputThread stopped.
2026-01-15 14:44:19,861 MainThread INFO Middleware stopped.
