2026-01-15 16:06:21,488 MainThread INFO Starting middleware comp_1 ...
2026-01-15 16:06:21,489 MainThread INFO MainThread start.
2026-01-15 16:06:21,691 InputThread INFO InputThread start.
2026-01-15 16:06:21,692 OutputThread INFO OutputThread start.
2026-01-15 16:06:21,692 CmdThread INFO CmdThread connect operator at tcp://127.0.0.1:6000 (id=comp_1)
2026-01-15 16:06:21,692 MainThread INFO All threads started.
2026-01-15 16:06:21,693 InputThread INFO [input] connect: tcp://127.0.0.1:5550
2026-01-15 16:06:21,693 OutputThread INFO [output] bind: tcp://127.0.0.1:5556
2026-01-15 16:06:24,827 MainThread INFO Registered downstream: Down0
2026-01-15 16:06:24,828 MainThread INFO Registered downstream: Down1
2026-01-15 16:06:24,828 MainThread INFO Registered downstream: Down3
2026-01-15 16:06:24,829 MainThread INFO Registered downstream: Down2
2026-01-15 16:06:24,829 MainThread INFO Registered downstream: Down5
2026-01-15 16:06:24,829 MainThread INFO Registered downstream: Down4
2026-01-15 16:06:24,829 MainThread INFO Registered downstream: Down7
2026-01-15 16:06:24,832 MainThread INFO Registered downstream: Down6
2026-01-15 16:06:34,061 MainThread INFO Ctrl+C. closing...
2026-01-15 16:06:34,066 MainThread INFO MainThread stopped.
2026-01-15 16:06:34,067 OutputThread INFO OutputThread stopped.
2026-01-15 16:06:34,067 InputThread INFO InputThread stopped.
2026-01-15 16:06:34,145 CmdThread INFO CmdThread stopped.
2026-01-15 16:06:34,146 MainThread INFO Middleware stopped.
