2026-01-15 14:46:03,521 MainThread INFO Starting middleware comp_1 ...
2026-01-15 14:46:03,522 MainThread INFO MainThread start.
2026-01-15 14:46:03,723 InputThread INFO InputThread start.
2026-01-15 14:46:03,724 OutputThread INFO OutputThread start.
2026-01-15 14:46:03,724 InputThread INFO [input] connect: tcp://127.0.0.1:5550
2026-01-15 14:46:03,724 CmdThread INFO CmdThread connect operator at tcp://127.0.0.1:6000 (id=comp_1)
2026-01-15 14:46:03,725 OutputThread INFO [output] bind: tcp://127.0.0.1:5556
2026-01-15 14:46:03,725 MainThread INFO All threads started.
2026-01-15 14:46:06,382 MainThread INFO Registered downstream: Down0
2026-01-15 14:46:06,382 MainThread INFO Registered downstream: Down1
2026-01-15 14:46:06,383 MainThread INFO Registered downstream: Down2
2026-01-15 14:46:06,383 MainThread INFO Registered downstream: Down3
2026-01-15 14:46:06,384 MainThread INFO Registered downstream: Down4
2026-01-15 14:46:06,384 MainThread INFO Registered downstream: Down5
2026-01-15 14:46:06,384 MainThread INFO Registered downstream: Down7
2026-01-15 14:46:06,385 MainThread INFO Registered downstream: Down6
2026-01-15 14:46:20,589 MainThread INFO Ctrl+C. closing...
2026-01-15 14:46:20,643 InputThread INFO InputThread stopped.
2026-01-15 14:46:20,647 MainThread INFO MainThread stopped.
2026-01-15 14:46:20,647 OutputThread INFO OutputThread stopped.
2026-01-15 14:46:20,673 CmdThread INFO CmdThread stopped.
2026-01-15 14:46:20,760 MainThread INFO Middleware stopped.
