2026-01-15 16:06:02,269 MainThread INFO Starting middleware comp_1 ...
2026-01-15 16:06:02,269 MainThread INFO MainThread start.
2026-01-15 16:06:02,470 InputThread INFO InputThread start.
2026-01-15 16:06:02,470 OutputThread INFO OutputThread start.
2026-01-15 16:06:02,471 CmdThread INFO CmdThread connect operator at tcp://127.0.0.1:6000 (id=comp_1)
2026-01-15 16:06:02,471 InputThread INFO [input] connect: tcp://127.0.0.1:5550
2026-01-15 16:06:02,471 MainThread INFO All threads started.
2026-01-15 16:06:02,472 OutputThread INFO [output] bind: tcp://127.0.0.1:5556
2026-01-15 16:06:06,511 MainThread INFO Registered downstream: Down1
2026-01-15 16:06:06,512 MainThread INFO Registered downstream: Down3
2026-01-15 16:06:06,514 MainThread INFO Registered downstream: Down5
2026-01-15 16:06:06,514 MainThread INFO Registered downstream: Down2
2026-01-15 16:06:06,515 MainThread INFO Registered downstream: Down0
2026-01-15 16:06:06,515 MainThread INFO Registered downstream: Down4
2026-01-15 16:06:06,515 MainThread INFO Registered downstream: Down7
2026-01-15 16:06:06,516 MainThread INFO Registered downstream: Down6
2026-01-15 16:06:14,973 MainThread INFO Ctrl+C. closing...
2026-01-15 16:06:15,022 CmdThread INFO CmdThread stopped.
2026-01-15 16:06:15,054 InputThread INFO InputThread stopped.
2026-01-15 16:06:15,055 MainThread INFO MainThread stopped.
2026-01-15 16:06:15,055 OutputThread INFO OutputThread stopped.
2026-01-15 16:06:15,101 MainThread INFO Middleware stopped.
