2026-01-15 14:45:22,315 MainThread INFO Starting middleware comp_1 ...
2026-01-15 14:45:22,316 MainThread INFO MainThread start.
2026-01-15 14:45:22,516 InputThread INFO InputThread start.
2026-01-15 14:45:22,517 OutputThread INFO OutputThread start.
2026-01-15 14:45:22,517 InputThread INFO [input] connect: tcp://127.0.0.1:5550
2026-01-15 14:45:22,518 CmdThread INFO CmdThread connect operator at tcp://127.0.0.1:6000 (id=comp_1)
2026-01-15 14:45:22,518 OutputThread INFO [output] bind: tcp://127.0.0.1:5556
2026-01-15 14:45:22,518 MainThread INFO All threads started.
2026-01-15 14:45:25,318 MainThread INFO Registered downstream: Down0
2026-01-15 14:45:25,319 MainThread INFO Registered downstream: Down2
2026-01-15 14:45:25,319 MainThread INFO Registered downstream: Down1
2026-01-15 14:45:25,320 MainThread INFO Registered downstream: Down3
2026-01-15 14:45:25,320 MainThread INFO Registered downstream: Down4
2026-01-15 14:45:25,320 MainThread INFO Registered downstream: Down7
2026-01-15 14:45:25,320 MainThread INFO Registered downstream: Down5
2026-01-15 14:45:25,321 MainThread INFO Registered downstream: Down6
2026-01-15 14:45:35,066 MainThread INFO Ctrl+C. closing...
2026-01-15 14:45:35,162 MainThread INFO MainThread stopped.
2026-01-15 14:45:35,163 OutputThread INFO OutputThread stopped.
2026-01-15 14:45:35,163 CmdThread INFO CmdThread stopped.
2026-01-15 14:45:35,163 InputThread INFO InputThread stopped.
2026-01-15 14:45:35,164 MainThread INFO Middleware stopped.
