2026-01-15 14:44:22,434 MainThread INFO Starting middleware comp_1 ...
2026-01-15 14:44:22,435 MainThread INFO MainThread start.
2026-01-15 14:44:22,636 InputThread INFO InputThread start.
2026-01-15 14:44:22,636 OutputThread INFO OutputThread start.
2026-01-15 14:44:22,636 CmdThread INFO CmdThread connect operator at tcp://127.0.0.1:6000 (id=comp_1)
2026-01-15 14:44:22,637 MainThread INFO All threads started.
2026-01-15 14:44:22,637 InputThread INFO [input] connect: tcp://127.0.0.1:5550
2026-01-15 14:44:22,638 OutputThread INFO [output] bind: tcp://127.0.0.1:5556
2026-01-15 14:44:24,797 MainThread INFO Registered downstream: Down0
2026-01-15 14:44:24,798 MainThread INFO Registered downstream: Down1
2026-01-15 14:44:24,799 MainThread INFO Registered downstream: Down2
2026-01-15 14:44:24,799 MainThread INFO Registered downstream: Down3
2026-01-15 14:44:24,799 MainThread INFO Registered downstream: Down4
2026-01-15 14:44:24,800 MainThread INFO Registered downstream: Down6
2026-01-15 14:44:24,800 MainThread INFO Registered downstream: Down5
2026-01-15 14:44:24,800 MainThread INFO Registered downstream: Down7
2026-01-15 14:44:31,219 MainThread INFO Ctrl+C. closing...
2026-01-15 14:44:31,225 OutputThread INFO OutputThread stopped.
2026-01-15 14:44:31,225 MainThread INFO MainThread stopped.
2026-01-15 14:44:31,225 InputThread INFO InputThread stopped.
2026-01-15 14:44:31,277 CmdThread INFO CmdThread stopped.
2026-01-15 14:44:31,278 MainThread INFO Middleware stopped.
