2026-01-15 14:53:48,147 MainThread INFO Starting middleware comp_1 ...
2026-01-15 14:53:48,147 MainThread INFO MainThread start.
2026-01-15 14:53:48,348 InputThread INFO InputThread start.
2026-01-15 14:53:48,348 OutputThread INFO OutputThread start.
2026-01-15 14:53:48,348 CmdThread INFO CmdThread connect operator at tcp://127.0.0.1:6000 (id=comp_1)
2026-01-15 14:53:48,349 InputThread INFO [input] connect: tcp://127.0.0.1:5550
2026-01-15 14:53:48,349 MainThread INFO All threads started.
2026-01-15 14:53:48,349 OutputThread INFO [output] bind: tcp://127.0.0.1:5556
2026-01-15 14:53:50,775 MainThread INFO Registered downstream: Down0
2026-01-15 14:53:50,776 MainThread INFO Registered downstream: Down2
2026-01-15 14:53:50,776 MainThread INFO Registered downstream: Down1
2026-01-15 14:53:50,777 MainThread INFO Registered downstream: Down3
2026-01-15 14:53:50,777 MainThread INFO Registered downstream: Down4
2026-01-15 14:53:50,777 MainThread INFO Registered downstream: Down6
2026-01-15 14:53:50,778 MainThread INFO Registered downstream: Down5
2026-01-15 14:53:50,779 MainThread INFO Registered downstream: Down7
2026-01-15 14:53:50,779 MainThread INFO Registered downstream: Down8
2026-01-15 14:53:50,779 MainThread INFO Registered downstream: Down9
2026-01-15 14:53:50,780 MainThread INFO Registered downstream: Down14
2026-01-15 14:53:50,780 MainThread INFO Registered downstream: Down10
2026-01-15 14:53:50,780 MainThread INFO Registered downstream: Down11
2026-01-15 14:53:50,780 MainThread INFO Registered downstream: Down12
2026-01-15 14:53:50,781 MainThread INFO Registered downstream: Down15
2026-01-15 14:53:50,781 MainThread INFO Registered downstream: Down13
2026-01-15 14:53:55,599 MainThread INFO Ctrl+C. closing...
2026-01-15 14:53:55,689 MainThread INFO MainThread stopped.
2026-01-15 14:53:55,690 OutputThread INFO OutputThread stopped.
2026-01-15 14:53:55,690 CmdThread INFO CmdThread stopped.
2026-01-15 14:53:55,690 InputThread INFO InputThread stopped.
2026-01-15 14:53:55,770 MainThread INFO Middleware stopped.
