2026-01-15 14:53:34,821 MainThread INFO Starting middleware comp_1 ...
2026-01-15 14:53:34,822 MainThread INFO MainThread start.
2026-01-15 14:53:35,023 InputThread INFO InputThread start.
2026-01-15 14:53:35,023 OutputThread INFO OutputThread start.
2026-01-15 14:53:35,023 CmdThread INFO CmdThread connect operator at tcp://127.0.0.1:6000 (id=comp_1)
2026-01-15 14:53:35,024 MainThread INFO All threads started.
2026-01-15 14:53:35,024 InputThread INFO [input] connect: tcp://127.0.0.1:5550
2026-01-15 14:53:35,025 OutputThread INFO [output] bind: tcp://127.0.0.1:5556
2026-01-15 14:53:37,121 MainThread INFO Registered downstream: Down0
2026-01-15 14:53:37,121 MainThread INFO Registered downstream: Down1
2026-01-15 14:53:37,122 MainThread INFO Registered downstream: Down2
2026-01-15 14:53:37,122 MainThread INFO Registered downstream: Down3
2026-01-15 14:53:37,123 MainThread INFO Registered downstream: Down4
2026-01-15 14:53:37,123 MainThread INFO Registered downstream: Down5
2026-01-15 14:53:37,123 MainThread INFO Registered downstream: Down6
2026-01-15 14:53:37,123 MainThread INFO Registered downstream: Down7
2026-01-15 14:53:37,124 MainThread INFO Registered downstream: Down8
2026-01-15 14:53:37,124 MainThread INFO Registered downstream: Down10
2026-01-15 14:53:37,124 MainThread INFO Registered downstream: Down9
2026-01-15 14:53:37,125 MainThread INFO Registered downstream: Down11
2026-01-15 14:53:37,125 MainThread INFO Registered downstream: Down12
2026-01-15 14:53:37,125 MainThread INFO Registered downstream: Down13
2026-01-15 14:53:37,125 MainThread INFO Registered downstream: Down15
2026-01-15 14:53:37,126 MainThread INFO Registered downstream: Down14
2026-01-15 14:53:44,496 MainThread INFO Ctrl+C. closing...
2026-01-15 14:53:44,542 MainThread INFO MainThread stopped.
2026-01-15 14:53:44,542 InputThread INFO InputThread stopped.
2026-01-15 14:53:44,542 OutputThread INFO OutputThread stopped.
2026-01-15 14:53:44,558 CmdThread INFO CmdThread stopped.
2026-01-15 14:53:44,648 MainThread INFO Middleware stopped.
