2026-01-15 14:54:58,874 MainThread INFO Starting middleware comp_1 ...
2026-01-15 14:54:58,875 MainThread INFO MainThread start.
2026-01-15 14:54:59,076 InputThread INFO InputThread start.
2026-01-15 14:54:59,076 OutputThread INFO OutputThread start.
2026-01-15 14:54:59,077 CmdThread INFO CmdThread connect operator at tcp://127.0.0.1:6000 (id=comp_1)
2026-01-15 14:54:59,077 InputThread INFO [input] connect: tcp://127.0.0.1:5550
2026-01-15 14:54:59,077 MainThread INFO All threads started.
2026-01-15 14:54:59,078 OutputThread INFO [output] bind: tcp://127.0.0.1:5556
2026-01-15 14:55:01,229 MainThread INFO Registered downstream: Down0
2026-01-15 14:55:01,229 MainThread INFO Registered downstream: Down1
2026-01-15 14:55:01,230 MainThread INFO Registered downstream: Down2
2026-01-15 14:55:01,230 MainThread INFO Registered downstream: Down4
2026-01-15 14:55:01,230 MainThread INFO Registered downstream: Down3
2026-01-15 14:55:01,231 MainThread INFO Registered downstream: Down5
2026-01-15 14:55:01,231 MainThread INFO Registered downstream: Down8
2026-01-15 14:55:01,232 MainThread INFO Registered downstream: Down6
2026-01-15 14:55:01,232 MainThread INFO Registered downstream: Down7
2026-01-15 14:55:01,233 MainThread INFO Registered downstream: Down9
2026-01-15 14:55:01,233 MainThread INFO Registered downstream: Down10
2026-01-15 14:55:01,233 MainThread INFO Registered downstream: Down11
2026-01-15 14:55:01,234 MainThread INFO Registered downstream: Down12
2026-01-15 14:55:01,234 MainThread INFO Registered downstream: Down13
2026-01-15 14:55:01,234 MainThread INFO Registered downstream: Down14
2026-01-15 14:55:01,235 MainThread INFO Registered downstream: Down15
2026-01-15 14:55:01,235 MainThread INFO Registered downstream: Down18
2026-01-15 14:55:01,235 MainThread INFO Registered downstream: Down16
2026-01-15 14:55:01,236 MainThread INFO Registered downstream: Down17
2026-01-15 14:55:01,264 MainThread INFO Registered downstream: Down19
2026-01-15 14:55:01,265 MainThread INFO Registered downstream: Down20
2026-01-15 14:55:01,266 MainThread INFO Registered downstream: Down22
2026-01-15 14:55:01,266 MainThread INFO Registered downstream: Down21
2026-01-15 14:55:01,267 MainThread INFO Registered downstream: Down23
2026-01-15 14:55:01,267 MainThread INFO Registered downstream: Down24
2026-01-15 14:55:01,267 MainThread INFO Registered downstream: Down25
2026-01-15 14:55:01,268 MainThread INFO Registered downstream: Down26
2026-01-15 14:55:01,269 MainThread INFO Registered downstream: Down27
2026-01-15 14:55:01,269 MainThread INFO Registered downstream: Down29
2026-01-15 14:55:01,269 MainThread INFO Registered downstream: Down28
2026-01-15 14:55:01,270 MainThread INFO Registered downstream: Down30
2026-01-15 14:55:01,270 MainThread INFO Registered downstream: Down31
2026-01-15 14:55:01,271 MainThread INFO Registered downstream: Down32
2026-01-15 14:55:01,271 MainThread INFO Registered downstream: Down33
2026-01-15 14:55:01,272 MainThread INFO Registered downstream: Down34
2026-01-15 14:55:01,272 MainThread INFO Registered downstream: Down35
2026-01-15 14:55:01,273 MainThread INFO Registered downstream: Down36
2026-01-15 14:55:01,273 MainThread INFO Registered downstream: Down37
2026-01-15 14:55:01,274 MainThread INFO Registered downstream: Down38
2026-01-15 14:55:01,274 MainThread INFO Registered downstream: Down39
2026-01-15 14:55:01,274 MainThread INFO Registered downstream: Down40
2026-01-15 14:55:01,275 MainThread INFO Registered downstream: Down41
2026-01-15 14:55:01,275 MainThread INFO Registered downstream: Down43
2026-01-15 14:55:01,276 MainThread INFO Registered downstream: Down42
2026-01-15 14:55:01,276 MainThread INFO Registered downstream: Down44
2026-01-15 14:55:01,277 MainThread INFO Registered downstream: Down45
2026-01-15 14:55:01,313 MainThread INFO Registered downstream: Down46
2026-01-15 14:55:01,314 MainThread INFO Registered downstream: Down48
2026-01-15 14:55:01,314 MainThread INFO Registered downstream: Down47
2026-01-15 14:55:01,315 MainThread INFO Registered downstream: Down49
2026-01-15 14:55:01,315 MainThread INFO Registered downstream: Down50
2026-01-15 14:55:01,316 MainThread INFO Registered downstream: Down53
2026-01-15 14:55:01,316 MainThread INFO Registered downstream: Down54
2026-01-15 14:55:01,316 MainThread INFO Registered downstream: Down51
2026-01-15 14:55:01,316 MainThread INFO Registered downstream: Down52
2026-01-15 14:55:01,317 MainThread INFO Registered downstream: Down57
2026-01-15 14:55:01,317 MainThread INFO Registered downstream: Down59
2026-01-15 14:55:01,317 MainThread INFO Registered downstream: Down55
2026-01-15 14:55:01,318 MainThread INFO Registered downstream: Down56
2026-01-15 14:55:01,318 MainThread INFO Registered downstream: Down58
2026-01-15 14:55:01,318 MainThread INFO Registered downstream: Down60
2026-01-15 14:55:01,318 MainThread INFO Registered downstream: Down61
2026-01-15 14:55:01,318 MainThread INFO Registered downstream: Down62
2026-01-15 14:55:01,319 MainThread INFO Registered downstream: Down63
2026-01-15 14:55:15,701 MainThread INFO Ctrl+C. closing...
2026-01-15 14:55:15,724 MainThread INFO MainThread stopped.
2026-01-15 14:55:15,724 InputThread INFO InputThread stopped.
2026-01-15 14:55:15,724 OutputThread INFO OutputThread stopped.
2026-01-15 14:55:15,748 CmdThread INFO CmdThread stopped.
2026-01-15 14:55:15,749 MainThread INFO Middleware stopped.
