2026-01-15 14:54:36,591 MainThread INFO Starting middleware comp_1 ...
2026-01-15 14:54:36,592 MainThread INFO MainThread start.
2026-01-15 14:54:36,792 InputThread INFO InputThread start.
2026-01-15 14:54:36,793 OutputThread INFO OutputThread start.
2026-01-15 14:54:36,793 CmdThread INFO CmdThread connect operator at tcp://127.0.0.1:6000 (id=comp_1)
2026-01-15 14:54:36,794 InputThread INFO [input] connect: tcp://127.0.0.1:5550
2026-01-15 14:54:36,794 MainThread INFO All threads started.
2026-01-15 14:54:36,794 OutputThread INFO [output] bind: tcp://127.0.0.1:5556
2026-01-15 14:54:39,331 MainThread INFO Registered downstream: Down0
2026-01-15 14:54:39,331 MainThread INFO Registered downstream: Down1
2026-01-15 14:54:39,332 MainThread INFO Registered downstream: Down2
2026-01-15 14:54:39,332 MainThread INFO Registered downstream: Down4
2026-01-15 14:54:39,333 MainThread INFO Registered downstream: Down3
2026-01-15 14:54:39,333 MainThread INFO Registered downstream: Down5
2026-01-15 14:54:39,333 MainThread INFO Registered downstream: Down7
2026-01-15 14:54:39,333 MainThread INFO Registered downstream: Down6
2026-01-15 14:54:39,334 MainThread INFO Registered downstream: Down8
2026-01-15 14:54:39,334 MainThread INFO Registered downstream: Down9
2026-01-15 14:54:39,335 MainThread INFO Registered downstream: Down11
2026-01-15 14:54:39,335 MainThread INFO Registered downstream: Down10
2026-01-15 14:54:39,335 MainThread INFO Registered downstream: Down12
2026-01-15 14:54:39,336 MainThread INFO Registered downstream: Down15
2026-01-15 14:54:39,336 MainThread INFO Registered downstream: Down13
2026-01-15 14:54:39,336 MainThread INFO Registered downstream: Down14
2026-01-15 14:54:39,336 MainThread INFO Registered downstream: Down16
2026-01-15 14:54:39,337 MainThread INFO Registered downstream: Down17
2026-01-15 14:54:39,338 MainThread INFO Registered downstream: Down19
2026-01-15 14:54:39,338 MainThread INFO Registered downstream: Down18
2026-01-15 14:54:39,338 MainThread INFO Registered downstream: Down20
2026-01-15 14:54:39,339 MainThread INFO Registered downstream: Down21
2026-01-15 14:54:39,339 MainThread INFO Registered downstream: Down22
2026-01-15 14:54:39,373 MainThread INFO Registered downstream: Down23
2026-01-15 14:54:39,374 MainThread INFO Registered downstream: Down24
2026-01-15 14:54:39,375 MainThread INFO Registered downstream: Down25
2026-01-15 14:54:39,375 MainThread INFO Registered downstream: Down26
2026-01-15 14:54:39,376 MainThread INFO Registered downstream: Down30
2026-01-15 14:54:39,376 MainThread INFO Registered downstream: Down29
2026-01-15 14:54:39,376 MainThread INFO Registered downstream: Down28
2026-01-15 14:54:39,376 MainThread INFO Registered downstream: Down27
2026-01-15 14:54:39,377 MainThread INFO Registered downstream: Down31
2026-01-15 14:54:47,344 MainThread INFO Ctrl+C. closing...
2026-01-15 14:54:47,363 MainThread INFO MainThread stopped.
2026-01-15 14:54:47,363 OutputThread INFO OutputThread stopped.
2026-01-15 14:54:47,363 InputThread INFO InputThread stopped.
2026-01-15 14:54:47,435 CmdThread INFO CmdThread stopped.
2026-01-15 14:54:47,436 MainThread INFO Middleware stopped.
