2026-01-15 14:45:42,846 MainThread INFO Starting middleware comp_1 ...
2026-01-15 14:45:42,847 MainThread INFO MainThread start.
2026-01-15 14:45:43,048 InputThread INFO InputThread start.
2026-01-15 14:45:43,049 OutputThread INFO OutputThread start.
2026-01-15 14:45:43,049 CmdThread INFO CmdThread connect operator at tcp://127.0.0.1:6000 (id=comp_1)
2026-01-15 14:45:43,050 InputThread INFO [input] connect: tcp://127.0.0.1:5550
2026-01-15 14:45:43,050 MainThread INFO All threads started.
2026-01-15 14:45:43,050 OutputThread INFO [output] bind: tcp://127.0.0.1:5556
2026-01-15 14:45:45,206 MainThread INFO Registered downstream: Down0
2026-01-15 14:45:45,207 MainThread INFO Registered downstream: Down1
2026-01-15 14:45:45,207 MainThread INFO Registered downstream: Down2
2026-01-15 14:45:45,207 MainThread INFO Registered downstream: Down3
2026-01-15 14:45:45,208 MainThread INFO Registered downstream: Down4
2026-01-15 14:45:45,208 MainThread INFO Registered downstream: Down5
2026-01-15 14:45:45,208 MainThread INFO Registered downstream: Down7
2026-01-15 14:45:45,208 MainThread INFO Registered downstream: Down6
2026-01-15 14:45:58,730 MainThread INFO Ctrl+C. closing...
2026-01-15 14:45:58,771 InputThread INFO InputThread stopped.
2026-01-15 14:45:58,771 MainThread INFO MainThread stopped.
2026-01-15 14:45:58,772 OutputThread INFO OutputThread stopped.
2026-01-15 14:45:58,792 CmdThread INFO CmdThread stopped.
2026-01-15 14:45:58,877 MainThread INFO Middleware stopped.
